# JRE version: Java(TM) SE Runtime Environment (8.0_112-b15) (build 1.8.0_112-b15)
# Java VM: Java HotSpot(TM) 64-Bit Server VM (25.112-b15 mixed mode windows-amd64 compressed oops)
Heap:
 PSYoungGen      total 38400K, used 12849K [0x00000000d5780000, 0x00000000d8200000, 0x0000000100000000)
  eden space 33280K, 23% used [0x00000000d5780000,0x00000000d5f0ddd0,0x00000000d7800000)
  from space 5120K, 99% used [0x00000000d7d00000,0x00000000d81fe978,0x00000000d8200000)
  to   space 5120K, 0% used [0x00000000d7800000,0x00000000d7800000,0x00000000d7d00000)
 ParOldGen       total 87552K, used 7059K [0x0000000080600000, 0x0000000085b80000, 0x00000000d5780000)
  object space 87552K, 8% used [0x0000000080600000,0x0000000080ce4fb8,0x0000000085b80000)
 Metaspace       used 12175K, capacity 12372K, committed 12672K, reserved 1060864K
  class space    used 1538K, capacity 1606K, committed 1664K, reserved 1048576K
GC Heap History (4 events):
Event: 3.071 GC heap before
{Heap before GC invocations=1 (full 0):
 PSYoungGen      total 38400K, used 33280K [0x00000000d5780000, 0x00000000d8200000, 0x0000000100000000)
  eden space 33280K, 100% used [0x00000000d5780000,0x00000000d7800000,0x00000000d7800000)
  from space 5120K, 0% used [0x00000000d7d00000,0x00000000d7d00000,0x00000000d8200000)
  to   space 5120K, 0% used [0x00000000d7800000,0x00000000d7800000,0x00000000d7d00000)
 ParOldGen       total 87552K, used 0K [0x0000000080600000, 0x0000000085b80000, 0x00000000d5780000)
  object space 87552K, 0% used [0x0000000080600000,0x0000000080600000,0x0000000085b80000)
 Metaspace       used 11947K, capacity 12180K, committed 12416K, reserved 1060864K
  class space    used 1530K, capacity 1606K, committed 1664K, reserved 1048576K
Event: 3.074 GC heap after
Heap after GC invocations=1 (full 0):
 PSYoungGen      total 38400K, used 5098K [0x00000000d5780000, 0x00000000d8200000, 0x0000000100000000)
  eden space 33280K, 0% used [0x00000000d5780000,0x00000000d5780000,0x00000000d7800000)
  from space 5120K, 99% used [0x00000000d7800000,0x00000000d7cfa9d8,0x00000000d7d00000)
  to   space 5120K, 0% used [0x00000000d7d00000,0x00000000d7d00000,0x00000000d8200000)
 ParOldGen       total 87552K, used 5143K [0x0000000080600000, 0x0000000085b80000, 0x00000000d5780000)
  object space 87552K, 5% used [0x0000000080600000,0x0000000080b05f78,0x0000000085b80000)
 Metaspace       used 11947K, capacity 12180K, committed 12416K, reserved 1060864K
  class space    used 1530K, capacity 1606K, committed 1664K, reserved 1048576K
}
Event: 5.299 GC heap before
{Heap before GC invocations=2 (full 0):
 PSYoungGen      total 38400K, used 38378K [0x00000000d5780000, 0x00000000d8200000, 0x0000000100000000)
  eden space 33280K, 100% used [0x00000000d5780000,0x00000000d7800000,0x00000000d7800000)
  from space 5120K, 99% used [0x00000000d7800000,0x00000000d7cfa9d8,0x00000000d7d00000)
  to   space 5120K, 0% used [0x00000000d7d00000,0x00000000d7d00000,0x00000000d8200000)
 ParOldGen       total 87552K, used 5143K [0x0000000080600000, 0x0000000085b80000, 0x00000000d5780000)
  object space 87552K, 5% used [0x0000000080600000,0x0000000080b05f78,0x0000000085b80000)
 Metaspace       used 12149K, capacity 12372K, committed 12672K, reserved 1060864K
  class space    used 1536K, capacity 1606K, committed 1664K, reserved 1048576K
Event: 5.301 GC heap after
Heap after GC invocations=2 (full 0):
 PSYoungGen      total 38400K, used 5114K [0x00000000d5780000, 0x00000000d8200000, 0x0000000100000000)
  eden space 33280K, 0% used [0x00000000d5780000,0x00000000d5780000,0x00000000d7800000)
  from space 5120K, 99% used [0x00000000d7d00000,0x00000000d81fe978,0x00000000d8200000)
  to   space 5120K, 0% used [0x00000000d7800000,0x00000000d7800000,0x00000000d7d00000)
 ParOldGen       total 87552K, used 7059K [0x0000000080600000, 0x0000000085b80000, 0x00000000d5780000)
  object space 87552K, 8% used [0x0000000080600000,0x0000000080ce4fb8,0x0000000085b80000)
 Metaspace       used 12149K, capacity 12372K, committed 12672K, reserved 1060864K
  class space    used 1536K, capacity 1606K, committed 1664K, reserved 1048576K
}

